TN:
SF:/home/mutou/learn/blog-nest/src/blog/blog.controller.ts
FN:8,(anonymous_4)
FN:11,(anonymous_5)
FN:18,(anonymous_6)
FN:21,(anonymous_7)
FN:26,(anonymous_8)
FNF:5
FNH:4
FNDA:1,(anonymous_4)
FNDA:1,(anonymous_5)
FNDA:1,(anonymous_6)
FNDA:1,(anonymous_7)
FNDA:0,(anonymous_8)
DA:1,2
DA:2,2
DA:3,2
DA:7,2
DA:8,1
DA:11,2
DA:12,1
DA:17,2
DA:18,1
DA:21,2
DA:22,1
DA:26,2
DA:27,0
LF:13
LH:12
BRF:0
BRH:0
end_of_record
TN:
SF:/home/mutou/learn/blog-nest/src/blog/blog.entity.ts
FNF:0
FNH:0
DA:1,2
DA:4,2
DA:6,2
DA:9,2
DA:12,2
DA:15,2
DA:18,2
DA:21,2
LF:8
LH:8
BRF:0
BRH:0
end_of_record
TN:
SF:/home/mutou/learn/blog-nest/src/blog/blog.service.ts
FN:8,(anonymous_10)
FN:15,(anonymous_11)
FN:20,(anonymous_12)
FN:24,(anonymous_14)
FNF:4
FNH:3
FNDA:1,(anonymous_10)
FNDA:1,(anonymous_11)
FNDA:1,(anonymous_12)
FNDA:0,(anonymous_14)
DA:1,2
DA:2,2
DA:3,2
DA:4,2
DA:7,2
DA:9,1
DA:14,2
DA:17,1
DA:21,1
DA:25,0
DA:26,0
DA:27,0
DA:28,0
DA:29,0
DA:30,0
DA:31,0
LF:16
LH:9
BRF:0
BRH:0
end_of_record
